[2024-12-16T09:33:37.425+0000] {local_task_job_runner.py:123} INFO - ::group::Pre task execution logs
[2024-12-16T09:33:37.441+0000] {taskinstance.py:2612} INFO - Dependencies all met for dep_context=non-requeueable deps ti=<TaskInstance: Arrangement_Email.Arrangement_Email_Sending manual__2024-12-16T09:33:36.918867+00:00 [queued]>
[2024-12-16T09:33:37.451+0000] {taskinstance.py:2612} INFO - Dependencies all met for dep_context=requeueable deps ti=<TaskInstance: Arrangement_Email.Arrangement_Email_Sending manual__2024-12-16T09:33:36.918867+00:00 [queued]>
[2024-12-16T09:33:37.452+0000] {taskinstance.py:2865} INFO - Starting attempt 1 of 2
[2024-12-16T09:33:37.465+0000] {taskinstance.py:2888} INFO - Executing <Task(PythonOperator): Arrangement_Email_Sending> on 2024-12-16 09:33:36.918867+00:00
[2024-12-16T09:33:37.471+0000] {warnings.py:112} WARNING - /home/***/.local/lib/python3.12/site-packages/***/task/task_runner/standard_task_runner.py:70: DeprecationWarning: This process (pid=271) is multi-threaded, use of fork() may lead to deadlocks in the child.
  pid = os.fork()

[2024-12-16T09:33:37.473+0000] {standard_task_runner.py:72} INFO - Started process 272 to run task
[2024-12-16T09:33:37.472+0000] {standard_task_runner.py:104} INFO - Running: ['***', 'tasks', 'run', 'Arrangement_Email', 'Arrangement_Email_Sending', 'manual__2024-12-16T09:33:36.918867+00:00', '--job-id', '44', '--raw', '--subdir', 'DAGS_FOLDER/email_dag.py', '--cfg-path', '/tmp/tmphptsp41f']
[2024-12-16T09:33:37.474+0000] {standard_task_runner.py:105} INFO - Job 44: Subtask Arrangement_Email_Sending
[2024-12-16T09:33:37.485+0000] {warnings.py:112} WARNING - /home/***/.local/lib/python3.12/site-packages/***/settings.py:209: DeprecationWarning: The sql_alchemy_conn option in [core] has been moved to the sql_alchemy_conn option in [database] - the old setting has been used, but please update your config.
  SQL_ALCHEMY_CONN = conf.get("database", "SQL_ALCHEMY_CONN")

[2024-12-16T09:33:37.513+0000] {task_command.py:467} INFO - Running <TaskInstance: Arrangement_Email.Arrangement_Email_Sending manual__2024-12-16T09:33:36.918867+00:00 [running]> on host 1d62ada37c6c
[2024-12-16T09:33:37.587+0000] {taskinstance.py:3131} INFO - Exporting env vars: AIRFLOW_CTX_DAG_EMAIL='dain55788@gmail.com' AIRFLOW_CTX_DAG_OWNER='DainyNgyn' AIRFLOW_CTX_DAG_ID='Arrangement_Email' AIRFLOW_CTX_TASK_ID='Arrangement_Email_Sending' AIRFLOW_CTX_EXECUTION_DATE='2024-12-16T09:33:36.918867+00:00' AIRFLOW_CTX_TRY_NUMBER='1' AIRFLOW_CTX_DAG_RUN_ID='manual__2024-12-16T09:33:36.918867+00:00'
[2024-12-16T09:33:37.588+0000] {taskinstance.py:731} INFO - ::endgroup::
[2024-12-16T09:33:37.605+0000] {logging_mixin.py:190} INFO - Sending email to: dain55788@gmail.com for patient: Chiếc Khăn Gió Ấm
[2024-12-16T09:33:38.203+0000] {python.py:240} INFO - Done. Returned value was: None
[2024-12-16T09:33:38.213+0000] {taskinstance.py:340} INFO - ::group::Post task execution logs
[2024-12-16T09:33:38.213+0000] {taskinstance.py:352} INFO - Marking task as SUCCESS. dag_id=Arrangement_Email, task_id=Arrangement_Email_Sending, run_id=manual__2024-12-16T09:33:36.918867+00:00, execution_date=20241216T093336, start_date=20241216T093337, end_date=20241216T093338
[2024-12-16T09:33:38.250+0000] {local_task_job_runner.py:266} INFO - Task exited with return code 0
[2024-12-16T09:33:38.264+0000] {taskinstance.py:3900} INFO - 0 downstream tasks scheduled from follow-on schedule check
[2024-12-16T09:33:38.267+0000] {local_task_job_runner.py:245} INFO - ::endgroup::
