[2024-12-16T10:21:07.781+0000] {local_task_job_runner.py:123} INFO - ::group::Pre task execution logs
[2024-12-16T10:21:07.794+0000] {taskinstance.py:2612} INFO - Dependencies all met for dep_context=non-requeueable deps ti=<TaskInstance: Arrangement_Email.Arrangement_Email_Sending manual__2024-12-16T10:21:06.333045+00:00 [queued]>
[2024-12-16T10:21:07.803+0000] {taskinstance.py:2612} INFO - Dependencies all met for dep_context=requeueable deps ti=<TaskInstance: Arrangement_Email.Arrangement_Email_Sending manual__2024-12-16T10:21:06.333045+00:00 [queued]>
[2024-12-16T10:21:07.804+0000] {taskinstance.py:2865} INFO - Starting attempt 1 of 2
[2024-12-16T10:21:07.816+0000] {taskinstance.py:2888} INFO - Executing <Task(PythonOperator): Arrangement_Email_Sending> on 2024-12-16 10:21:06.333045+00:00
[2024-12-16T10:21:07.821+0000] {warnings.py:112} WARNING - /home/***/.local/lib/python3.12/site-packages/***/task/task_runner/standard_task_runner.py:70: DeprecationWarning: This process (pid=79) is multi-threaded, use of fork() may lead to deadlocks in the child.
  pid = os.fork()

[2024-12-16T10:21:07.822+0000] {standard_task_runner.py:72} INFO - Started process 80 to run task
[2024-12-16T10:21:07.822+0000] {standard_task_runner.py:104} INFO - Running: ['***', 'tasks', 'run', 'Arrangement_Email', 'Arrangement_Email_Sending', 'manual__2024-12-16T10:21:06.333045+00:00', '--job-id', '54', '--raw', '--subdir', 'DAGS_FOLDER/email_dag.py', '--cfg-path', '/tmp/tmppiwj8hrp']
[2024-12-16T10:21:07.824+0000] {standard_task_runner.py:105} INFO - Job 54: Subtask Arrangement_Email_Sending
[2024-12-16T10:21:07.834+0000] {warnings.py:112} WARNING - /home/***/.local/lib/python3.12/site-packages/***/settings.py:209: DeprecationWarning: The sql_alchemy_conn option in [core] has been moved to the sql_alchemy_conn option in [database] - the old setting has been used, but please update your config.
  SQL_ALCHEMY_CONN = conf.get("database", "SQL_ALCHEMY_CONN")

[2024-12-16T10:21:07.862+0000] {task_command.py:467} INFO - Running <TaskInstance: Arrangement_Email.Arrangement_Email_Sending manual__2024-12-16T10:21:06.333045+00:00 [running]> on host fdb0f9838dbd
[2024-12-16T10:21:07.933+0000] {taskinstance.py:3131} INFO - Exporting env vars: AIRFLOW_CTX_DAG_EMAIL='dain55788@gmail.com' AIRFLOW_CTX_DAG_OWNER='DainyNgyn' AIRFLOW_CTX_DAG_ID='Arrangement_Email' AIRFLOW_CTX_TASK_ID='Arrangement_Email_Sending' AIRFLOW_CTX_EXECUTION_DATE='2024-12-16T10:21:06.333045+00:00' AIRFLOW_CTX_TRY_NUMBER='1' AIRFLOW_CTX_DAG_RUN_ID='manual__2024-12-16T10:21:06.333045+00:00'
[2024-12-16T10:21:07.934+0000] {taskinstance.py:731} INFO - ::endgroup::
[2024-12-16T10:21:07.961+0000] {logging_mixin.py:190} INFO - Sending email to: dain55788@gmail.com for patient: Chiếc Khăn Gió Ấm
[2024-12-16T10:21:08.936+0000] {python.py:240} INFO - Done. Returned value was: None
[2024-12-16T10:21:08.947+0000] {taskinstance.py:340} INFO - ::group::Post task execution logs
[2024-12-16T10:21:08.948+0000] {taskinstance.py:352} INFO - Marking task as SUCCESS. dag_id=Arrangement_Email, task_id=Arrangement_Email_Sending, run_id=manual__2024-12-16T10:21:06.333045+00:00, execution_date=20241216T102106, start_date=20241216T102107, end_date=20241216T102108
[2024-12-16T10:21:09.002+0000] {local_task_job_runner.py:266} INFO - Task exited with return code 0
[2024-12-16T10:21:09.015+0000] {taskinstance.py:3900} INFO - 0 downstream tasks scheduled from follow-on schedule check
[2024-12-16T10:21:09.017+0000] {local_task_job_runner.py:245} INFO - ::endgroup::
